# JRE version: OpenJDK Runtime Environment Temurin-17.0.6+10 (17.0.6+10) (build 17.0.6+10)
# Java VM: OpenJDK 64-Bit Server VM Temurin-17.0.6+10 (17.0.6+10, mixed mode, tiered, compressed oops, compressed class ptrs, g1 gc, windows-amd64)
GC Precious Log:
 CPUs: 4 total, 4 available
 Memory: 3873M
 Large Page Support: Disabled
 NUMA Support: Disabled
 Compressed Oops: Enabled (32-bit)
 Heap Region Size: 1M
 Heap Min Capacity: 8M
 Heap Initial Capacity: 62M
 Heap Max Capacity: 970M
 Pre-touch: Disabled
 Parallel Workers: 4
 Concurrent Workers: 1
 Concurrent Refinement Workers: 4
 Periodic GC: Disabled
Heap:
 garbage-first heap   total 37888K, used 20702K [0x00000000c3600000, 0x0000000100000000)
  region size 1024K, 3 young (3072K), 1 survivors (1024K)
 Metaspace       used 34779K, committed 35072K, reserved 1081344K
  class space    used 4021K, committed 4160K, reserved 1048576K
GC Heap History (14 events):
Event: 2.808 GC heap before
{Heap before GC invocations=0 (full 0):
 garbage-first heap   total 63488K, used 12288K [0x00000000c3600000, 0x0000000100000000)
  region size 1024K, 13 young (13312K), 0 survivors (0K)
 Metaspace       used 10741K, committed 10944K, reserved 1064960K
  class space    used 1001K, committed 1088K, reserved 1048576K
}
Event: 2.820 GC heap after
{Heap after GC invocations=1 (full 0):
 garbage-first heap   total 63488K, used 6168K [0x00000000c3600000, 0x0000000100000000)
  region size 1024K, 2 young (2048K), 2 survivors (2048K)
 Metaspace       used 10741K, committed 10944K, reserved 1064960K
  class space    used 1001K, committed 1088K, reserved 1048576K
}
Event: 4.827 GC heap before
{Heap before GC invocations=1 (full 0):
 garbage-first heap   total 63488K, used 16408K [0x00000000c3600000, 0x0000000100000000)
  region size 1024K, 12 young (12288K), 2 survivors (2048K)
 Metaspace       used 14029K, committed 14208K, reserved 1064960K
  class space    used 1380K, committed 1472K, reserved 1048576K
}
Event: 4.830 GC heap after
{Heap after GC invocations=2 (full 0):
 garbage-first heap   total 63488K, used 7550K [0x00000000c3600000, 0x0000000100000000)
  region size 1024K, 1 young (1024K), 1 survivors (1024K)
 Metaspace       used 14029K, committed 14208K, reserved 1064960K
  class space    used 1380K, committed 1472K, reserved 1048576K
}
Event: 10.004 GC heap before
{Heap before GC invocations=2 (full 0):
 garbage-first heap   total 63488K, used 28030K [0x00000000c3600000, 0x0000000100000000)
  region size 1024K, 21 young (21504K), 1 survivors (1024K)
 Metaspace       used 18929K, committed 19200K, reserved 1073152K
  class space    used 2041K, committed 2176K, reserved 1048576K
}
Event: 10.009 GC heap after
{Heap after GC invocations=3 (full 0):
 garbage-first heap   total 63488K, used 8559K [0x00000000c3600000, 0x0000000100000000)
  region size 1024K, 2 young (2048K), 2 survivors (2048K)
 Metaspace       used 18929K, committed 19200K, reserved 1073152K
  class space    used 2041K, committed 2176K, reserved 1048576K
}
Event: 10.649 GC heap before
{Heap before GC invocations=3 (full 0):
 garbage-first heap   total 63488K, used 18799K [0x00000000c3600000, 0x0000000100000000)
  region size 1024K, 13 young (13312K), 2 survivors (2048K)
 Metaspace       used 21180K, committed 21504K, reserved 1073152K
  class space    used 2377K, committed 2560K, reserved 1048576K
}
Event: 10.653 GC heap after
{Heap after GC invocations=4 (full 0):
 garbage-first heap   total 63488K, used 8978K [0x00000000c3600000, 0x0000000100000000)
  region size 1024K, 3 young (3072K), 3 survivors (3072K)
 Metaspace       used 21180K, committed 21504K, reserved 1073152K
  class space    used 2377K, committed 2560K, reserved 1048576K
}
Event: 11.487 GC heap before
{Heap before GC invocations=5 (full 0):
 garbage-first heap   total 37888K, used 28434K [0x00000000c3600000, 0x0000000100000000)
  region size 1024K, 22 young (22528K), 3 survivors (3072K)
 Metaspace       used 27857K, committed 28160K, reserved 1081344K
  class space    used 3130K, committed 3264K, reserved 1048576K
}
Event: 11.496 GC heap after
{Heap after GC invocations=6 (full 0):
 garbage-first heap   total 37888K, used 12213K [0x00000000c3600000, 0x0000000100000000)
  region size 1024K, 3 young (3072K), 3 survivors (3072K)
 Metaspace       used 27857K, committed 28160K, reserved 1081344K
  class space    used 3130K, committed 3264K, reserved 1048576K
}
Event: 12.076 GC heap before
{Heap before GC invocations=6 (full 0):
 garbage-first heap   total 37888K, used 24501K [0x00000000c3600000, 0x0000000100000000)
  region size 1024K, 15 young (15360K), 3 survivors (3072K)
 Metaspace       used 31933K, committed 32256K, reserved 1081344K
  class space    used 3634K, committed 3776K, reserved 1048576K
}
Event: 12.081 GC heap after
{Heap after GC invocations=7 (full 0):
 garbage-first heap   total 37888K, used 13782K [0x00000000c3600000, 0x0000000100000000)
  region size 1024K, 2 young (2048K), 2 survivors (2048K)
 Metaspace       used 31933K, committed 32256K, reserved 1081344K
  class space    used 3634K, committed 3776K, reserved 1048576K
}
Event: 12.450 GC heap before
{Heap before GC invocations=7 (full 0):
 garbage-first heap   total 37888K, used 22998K [0x00000000c3600000, 0x0000000100000000)
  region size 1024K, 12 young (12288K), 2 survivors (2048K)
 Metaspace       used 34393K, committed 34688K, reserved 1081344K
  class space    used 3963K, committed 4096K, reserved 1048576K
}
Event: 12.452 GC heap after
{Heap after GC invocations=8 (full 0):
 garbage-first heap   total 37888K, used 14558K [0x00000000c3600000, 0x0000000100000000)
  region size 1024K, 1 young (1024K), 1 survivors (1024K)
 Metaspace       used 34393K, committed 34688K, reserved 1081344K
  class space    used 3963K, committed 4096K, reserved 1048576K
}

