<?xml version="1.0" encoding="UTF-8"?>
<!-- Generated by org.testng.reporters.JUnitXMLReporter -->
<testsuite ignored="0" hostname="LAPTOP-SLBKNCFF" failures="0" tests="7" name="My Testfirefox" time="0.359" errors="0" timestamp="2023-11-05T18:07:11 CST">
  <testcase classname="com.automation.tests.scripts.SalesforceAutomationScripts" name="Validate_LoginErrorMessage" time="0.001">
    <skipped/>
  </testcase> <!-- Validate_LoginErrorMessage -->
  <testcase classname="com.automation.tests.scripts.SalesforceAutomationScripts" name="forgot_Password" time="0.0">
    <skipped/>
  </testcase> <!-- forgot_Password -->
  <testcase classname="com.automation.tests.scripts.SalesforceAutomationScripts" name="loginError_noPassword" time="0.0">
    <skipped/>
  </testcase> <!-- loginError_noPassword -->
  <testcase classname="com.automation.tests.scripts.SalesforceAutomationScripts" name="myProfile" time="0.001">
    <skipped/>
  </testcase> <!-- myProfile -->
  <testcase classname="com.automation.tests.scripts.SalesforceAutomationScripts" name="remember_me" time="0.0">
    <skipped/>
  </testcase> <!-- remember_me -->
  <testcase classname="com.automation.tests.scripts.SalesforceAutomationScripts" name="userMenuDropDown" time="0.0">
    <skipped/>
  </testcase> <!-- userMenuDropDown -->
  <testcase classname="com.automation.tests.scripts.SalesforceAutomationScripts" name="valid_Username_Password" time="0.001">
    <skipped/>
  </testcase> <!-- valid_Username_Password -->
</testsuite> <!-- My Testfirefox -->
